Watching for file changes with StatReloader
[02/Feb/2026 06:02:32] "GET /admin/ HTTP/1.1" 302 0
[02/Feb/2026 06:02:32] "GET /admin/login/?next=/admin/ HTTP/1.1" 200 4080
[02/Feb/2026 06:02:32] "GET /static/admin/css/login.css HTTP/1.1" 304 0
Bad Request: /auth/token/login/
[02/Feb/2026 06:04:44] "POST /auth/token/login/ HTTP/1.1" 400 68
Bad Request: /auth/token/login/
[02/Feb/2026 06:04:58] "POST /auth/token/login/ HTTP/1.1" 400 68
[02/Feb/2026 06:05:38] "POST /auth/users/ HTTP/1.1" 201 51
[02/Feb/2026 06:05:51] "POST /auth/token/login/ HTTP/1.1" 200 57
[02/Feb/2026 06:06:12] "POST /api/sigils/ HTTP/1.1" 201 400
Bad Request: /auth/token/login/
[02/Feb/2026 06:06:25] "POST /auth/token/login/ HTTP/1.1" 400 68
Bad Request: /auth/token/login/
[02/Feb/2026 06:06:46] "POST /auth/token/login/ HTTP/1.1" 400 68
Bad Request: /auth/token/login/
[02/Feb/2026 06:06:59] "POST /auth/token/login/ HTTP/1.1" 400 68
Bad Request: /auth/token/login/
[02/Feb/2026 06:07:01] "POST /auth/token/login/ HTTP/1.1" 400 68
Bad Request: /auth/token/login/
[02/Feb/2026 06:07:02] "POST /auth/token/login/ HTTP/1.1" 400 68
Bad Request: /auth/token/login/
[02/Feb/2026 06:07:02] "POST /auth/token/login/ HTTP/1.1" 400 68
Bad Request: /auth/token/login/
[02/Feb/2026 06:07:20] "POST /auth/token/login/ HTTP/1.1" 400 68
[02/Feb/2026 06:08:05] "POST /auth/users/ HTTP/1.1" 201 53
[02/Feb/2026 06:08:20] "POST /auth/token/login/ HTTP/1.1" 200 57
[02/Feb/2026 06:08:37] "POST /auth/token/login/ HTTP/1.1" 200 57
Bad Request: /auth/users/
[02/Feb/2026 06:12:30] "POST /auth/users/ HTTP/1.1" 400 42
Bad Request: /auth/users/
[02/Feb/2026 06:12:43] "POST /auth/users/ HTTP/1.1" 400 45
[02/Feb/2026 06:12:57] "POST /auth/users/ HTTP/1.1" 201 45
[02/Feb/2026 06:13:24] "POST /auth/users/ HTTP/1.1" 201 45
[02/Feb/2026 06:13:36] "POST /auth/token/login/ HTTP/1.1" 200 57
[02/Feb/2026 06:14:01] "POST /api/sigils/ HTTP/1.1" 201 378
[02/Feb/2026 06:14:14] "POST /auth/token/login/ HTTP/1.1" 200 57
[02/Feb/2026 06:18:18] "POST /auth/token/login/ HTTP/1.1" 200 57
